<?xml version="1.0" encoding="UTF-8"?>
<testsuite name="project.ViewTest" tests="4" skipped="0" failures="0" errors="0" timestamp="2021-10-05T07:10:02" hostname="DESKTOP-VPIDFHL" time="0.084">
  <properties/>
  <testcase name="testBoardPrinterMyShots()" classname="project.ViewTest" time="0.049"/>
  <testcase name="testBoardPrinterShipPlacer()" classname="project.ViewTest" time="0.016"/>
  <testcase name="testBoardPrinterEnemyShots()" classname="project.ViewTest" time="0.009"/>
  <testcase name="testBoardPrinterEmptyBoard()" classname="project.ViewTest" time="0.006"/>
  <system-out><![CDATA[]]></system-out>
  <system-err><![CDATA[]]></system-err>
</testsuite>
